Determining if the pthread_create exist failed with the following output:
Change Dir: /home/student/proto_ws/build/CMakeFiles/CMakeTmp

Run Build Command:"/usr/bin/make" "cmTC_ed0be/fast"
/usr/bin/make -f CMakeFiles/cmTC_ed0be.dir/build.make CMakeFiles/cmTC_ed0be.dir/build
make[1] : on entre dans le répertoire « /home/student/proto_ws/build/CMakeFiles/CMakeTmp »
Building C object CMakeFiles/cmTC_ed0be.dir/CheckSymbolExists.c.o
/usr/bin/cc    -o CMakeFiles/cmTC_ed0be.dir/CheckSymbolExists.c.o   -c /home/student/proto_ws/build/CMakeFiles/CMakeTmp/CheckSymbolExists.c
Linking C executable cmTC_ed0be
/usr/bin/cmake -E cmake_link_script CMakeFiles/cmTC_ed0be.dir/link.txt --verbose=1
/usr/bin/cc      -rdynamic CMakeFiles/cmTC_ed0be.dir/CheckSymbolExists.c.o  -o cmTC_ed0be 
CMakeFiles/cmTC_ed0be.dir/CheckSymbolExists.c.o : Dans la fonction « main » :
CheckSymbolExists.c:(.text+0x1b) : référence indéfinie vers « pthread_create »
collect2: error: ld returned 1 exit status
CMakeFiles/cmTC_ed0be.dir/build.make:97: recipe for target 'cmTC_ed0be' failed
make[1]: *** [cmTC_ed0be] Error 1
make[1] : on quitte le répertoire « /home/student/proto_ws/build/CMakeFiles/CMakeTmp »
Makefile:126: recipe for target 'cmTC_ed0be/fast' failed
make: *** [cmTC_ed0be/fast] Error 2

File /home/student/proto_ws/build/CMakeFiles/CMakeTmp/CheckSymbolExists.c:
/* */
#include <pthread.h>

int main(int argc, char** argv)
{
  (void)argv;
#ifndef pthread_create
  return ((int*)(&pthread_create))[argc];
#else
  (void)argc;
  return 0;
#endif
}

Determining if the function pthread_create exists in the pthreads failed with the following output:
Change Dir: /home/student/proto_ws/build/CMakeFiles/CMakeTmp

Run Build Command:"/usr/bin/make" "cmTC_df1b0/fast"
/usr/bin/make -f CMakeFiles/cmTC_df1b0.dir/build.make CMakeFiles/cmTC_df1b0.dir/build
make[1] : on entre dans le répertoire « /home/student/proto_ws/build/CMakeFiles/CMakeTmp »
Building C object CMakeFiles/cmTC_df1b0.dir/CheckFunctionExists.c.o
/usr/bin/cc   -DCHECK_FUNCTION_EXISTS=pthread_create   -o CMakeFiles/cmTC_df1b0.dir/CheckFunctionExists.c.o   -c /usr/share/cmake-3.10/Modules/CheckFunctionExists.c
Linking C executable cmTC_df1b0
/usr/bin/cmake -E cmake_link_script CMakeFiles/cmTC_df1b0.dir/link.txt --verbose=1
/usr/bin/cc  -DCHECK_FUNCTION_EXISTS=pthread_create    -rdynamic CMakeFiles/cmTC_df1b0.dir/CheckFunctionExists.c.o  -o cmTC_df1b0 -lpthreads 
/usr/bin/ld : ne peut trouver -lpthreads
collect2: error: ld returned 1 exit status
CMakeFiles/cmTC_df1b0.dir/build.make:97: recipe for target 'cmTC_df1b0' failed
make[1]: *** [cmTC_df1b0] Error 1
make[1] : on quitte le répertoire « /home/student/proto_ws/build/CMakeFiles/CMakeTmp »
Makefile:126: recipe for target 'cmTC_df1b0/fast' failed
make: *** [cmTC_df1b0/fast] Error 2


