Determining if the pthread_create exist failed with the following output:
Change Dir: /home/student/door-watcher/door_watcher_ws/build/CMakeFiles/CMakeTmp

Run Build Command:"/usr/bin/make" "cmTC_694e4/fast"
/usr/bin/make -f CMakeFiles/cmTC_694e4.dir/build.make CMakeFiles/cmTC_694e4.dir/build
make[1] : on entre dans le répertoire « /home/student/door-watcher/door_watcher_ws/build/CMakeFiles/CMakeTmp »
Building C object CMakeFiles/cmTC_694e4.dir/CheckSymbolExists.c.o
/usr/bin/cc    -o CMakeFiles/cmTC_694e4.dir/CheckSymbolExists.c.o   -c /home/student/door-watcher/door_watcher_ws/build/CMakeFiles/CMakeTmp/CheckSymbolExists.c
Linking C executable cmTC_694e4
/usr/bin/cmake -E cmake_link_script CMakeFiles/cmTC_694e4.dir/link.txt --verbose=1
/usr/bin/cc      -rdynamic CMakeFiles/cmTC_694e4.dir/CheckSymbolExists.c.o  -o cmTC_694e4 
CMakeFiles/cmTC_694e4.dir/CheckSymbolExists.c.o : Dans la fonction « main » :
CheckSymbolExists.c:(.text+0x1b) : référence indéfinie vers « pthread_create »
collect2: error: ld returned 1 exit status
CMakeFiles/cmTC_694e4.dir/build.make:97: recipe for target 'cmTC_694e4' failed
make[1]: *** [cmTC_694e4] Error 1
make[1] : on quitte le répertoire « /home/student/door-watcher/door_watcher_ws/build/CMakeFiles/CMakeTmp »
Makefile:126: recipe for target 'cmTC_694e4/fast' failed
make: *** [cmTC_694e4/fast] Error 2

File /home/student/door-watcher/door_watcher_ws/build/CMakeFiles/CMakeTmp/CheckSymbolExists.c:
/* */
#include <pthread.h>

int main(int argc, char** argv)
{
  (void)argv;
#ifndef pthread_create
  return ((int*)(&pthread_create))[argc];
#else
  (void)argc;
  return 0;
#endif
}

Determining if the function pthread_create exists in the pthreads failed with the following output:
Change Dir: /home/student/door-watcher/door_watcher_ws/build/CMakeFiles/CMakeTmp

Run Build Command:"/usr/bin/make" "cmTC_8ba90/fast"
/usr/bin/make -f CMakeFiles/cmTC_8ba90.dir/build.make CMakeFiles/cmTC_8ba90.dir/build
make[1] : on entre dans le répertoire « /home/student/door-watcher/door_watcher_ws/build/CMakeFiles/CMakeTmp »
Building C object CMakeFiles/cmTC_8ba90.dir/CheckFunctionExists.c.o
/usr/bin/cc   -DCHECK_FUNCTION_EXISTS=pthread_create   -o CMakeFiles/cmTC_8ba90.dir/CheckFunctionExists.c.o   -c /usr/share/cmake-3.10/Modules/CheckFunctionExists.c
Linking C executable cmTC_8ba90
/usr/bin/cmake -E cmake_link_script CMakeFiles/cmTC_8ba90.dir/link.txt --verbose=1
/usr/bin/cc  -DCHECK_FUNCTION_EXISTS=pthread_create    -rdynamic CMakeFiles/cmTC_8ba90.dir/CheckFunctionExists.c.o  -o cmTC_8ba90 -lpthreads 
/usr/bin/ld : ne peut trouver -lpthreads
collect2: error: ld returned 1 exit status
CMakeFiles/cmTC_8ba90.dir/build.make:97: recipe for target 'cmTC_8ba90' failed
make[1]: *** [cmTC_8ba90] Error 1
make[1] : on quitte le répertoire « /home/student/door-watcher/door_watcher_ws/build/CMakeFiles/CMakeTmp »
Makefile:126: recipe for target 'cmTC_8ba90/fast' failed
make: *** [cmTC_8ba90/fast] Error 2


